[INFO ] 2019-02-26 16:08:22.063 [main] AdminAccess - User 10003 deposited $357.52 from account 103
[INFO ] 2019-02-26 16:10:56.762 [main] AdminAccess - User 10000 logged in
[INFO ] 2019-02-26 17:29:58.804 [main] AdminAccess - User Tester created.
[INFO ] 2019-02-26 17:30:16.159 [main] AdminAccess - User 10000 logged in
[INFO ] 2019-02-26 17:31:00.338 [main] AdminAccess - User 10006 logged in
[INFO ] 2019-02-26 17:35:48.630 [main] AdminAccess - User 10000 deleted 10006
[INFO ] 2019-02-26 17:35:57.535 [main] AdminAccess - User 10000 logged in
[INFO ] 2019-02-26 17:39:23.296 [main] AdminAccess - User 10000 logged in
[INFO ] 2019-02-26 17:43:51.605 [main] AdminAccess - User 10000 deleted 10001
[INFO ] 2019-02-26 17:45:34.439 [main] AdminAccess - User 10003 logged in
[INFO ] 2019-02-27 00:33:15.255 [main] AdminAccess - User 10000 logged in
[INFO ] 2019-02-27 00:46:38.005 [main] AdminAccess - User 10002 logged in
[INFO ] 2019-02-27 00:47:51.748 [main] AdminAccess - 10000 accessed 99999999
[INFO ] 2019-02-27 00:48:53.516 [main] AdminAccess - 10000 accessed 101
[INFO ] 2019-02-27 00:49:37.592 [main] AdminAccess - User Testeroni created.
[INFO ] 2019-02-27 00:49:37.592 [main] AdminAccess - 10000 created new User
[INFO ] 2019-02-27 00:51:23.703 [main] AdminAccess - User 10000 deleted 10020
[INFO ] 2019-02-27 00:51:38.516 [main] AdminAccess - User 10000 logged in
[INFO ] 2019-02-27 08:59:10.503 [main] AdminAccess - User 10002 logged in
[INFO ] 2019-02-27 09:41:41.015 [main] AdminAccess - User 10002 logged in
[INFO ] 2019-02-27 09:43:10.992 [main] AdminAccess - User Testing created.
[INFO ] 2019-02-27 09:43:10.993 [main] AdminAccess - 10000 created new User
[INFO ] 2019-02-27 09:46:00.885 [main] AdminAccess - User 10000 deleted 10021
[INFO ] 2019-02-27 09:46:03.986 [main] AdminAccess - User 10000 logged in
[INFO ] 2019-02-27 11:48:57.903 [main] AdminAccess - 10000 accessed 3243141
[INFO ] 2019-02-27 11:49:34.179 [main] AdminAccess - 10000 accessed 103
[INFO ] 2019-02-27 11:49:36.178 [main] AdminAccess - User 10000 logged in
